Using pre-set license
Built from '2021.3/china_unity/release' branch; Version is '2021.3.26f1c1 (19b503b0ef33) revision 1684739'; Using compiler version '192829333'; Build Type 'Release'
OS: 'Windows 11  (10.0.26100) 64bit CoreCountrySpecific' Language: 'zh' Physical Memory: 32494 MB
BatchMode: 1, IsHumanControllingUs: 0, StartBugReporterOnCrash: 0, Is64bit: 1, IsPro: 1

COMMAND LINE ARGUMENTS:
E:\Unity\2021.3.26f1c1\Editor\Unity.exe
-adb2
-batchMode
-noUpm
-name
AssetImportWorker1
-projectPath
F:/Unity_Demo/Little Snail's Starry Sky Journey
-logFile
Logs/AssetImportWorker1.log
-srvPort
52327
Successfully changed project path to: F:/Unity_Demo/Little Snail's Starry Sky Journey
F:/Unity_Demo/Little Snail's Starry Sky Journey
[UnityMemory] Configuration Parameters - Can be set up in boot.config
    "memorysetup-bucket-allocator-granularity=16"
    "memorysetup-bucket-allocator-bucket-count=8"
    "memorysetup-bucket-allocator-block-size=33554432"
    "memorysetup-bucket-allocator-block-count=8"
    "memorysetup-main-allocator-block-size=16777216"
    "memorysetup-thread-allocator-block-size=16777216"
    "memorysetup-gfx-main-allocator-block-size=16777216"
    "memorysetup-gfx-thread-allocator-block-size=16777216"
    "memorysetup-cache-allocator-block-size=4194304"
    "memorysetup-typetree-allocator-block-size=2097152"
    "memorysetup-profiler-bucket-allocator-granularity=16"
    "memorysetup-profiler-bucket-allocator-bucket-count=8"
    "memorysetup-profiler-bucket-allocator-block-size=33554432"
    "memorysetup-profiler-bucket-allocator-block-count=8"
    "memorysetup-profiler-allocator-block-size=16777216"
    "memorysetup-profiler-editor-allocator-block-size=1048576"
    "memorysetup-temp-allocator-size-main=16777216"
    "memorysetup-job-temp-allocator-block-size=2097152"
    "memorysetup-job-temp-allocator-block-size-background=1048576"
    "memorysetup-job-temp-allocator-reduction-small-platforms=262144"
    "memorysetup-temp-allocator-size-background-worker=32768"
    "memorysetup-temp-allocator-size-job-worker=262144"
    "memorysetup-temp-allocator-size-preload-manager=33554432"
    "memorysetup-temp-allocator-size-nav-mesh-worker=65536"
    "memorysetup-temp-allocator-size-audio-worker=65536"
    "memorysetup-temp-allocator-size-cloud-worker=32768"
    "memorysetup-temp-allocator-size-gi-baking-worker=262144"
    "memorysetup-temp-allocator-size-gfx=262144"
Player connection [30716] Host "[IP] 192.168.0.103 [Port] 0 [Flags] 2 [Guid] 3644074560 [EditorId] 3644074560 [Version] 1048832 [Id] WindowsEditor(7,yzh) [Debug] 1 [PackageName] WindowsEditor [ProjectName] Editor" joined multi-casting on [225.0.0.222:54997]...

Player connection [30716] Host "[IP] 192.168.0.103 [Port] 0 [Flags] 2 [Guid] 3644074560 [EditorId] 3644074560 [Version] 1048832 [Id] WindowsEditor(7,yzh) [Debug] 1 [PackageName] WindowsEditor [ProjectName] Editor" joined alternative multi-casting on [225.0.0.222:34997]...

AS: AutoStreaming module initializing.
Refreshing native plugins compatible for Editor in 60.43 ms, found 4 plugins.
Preloading 0 native plugins for Editor in 0.00 ms.
Initialize engine version: 2021.3.26f1c1 (19b503b0ef33)
[Subsystems] Discovering subsystems at path E:/Unity/2021.3.26f1c1/Editor/Data/Resources/UnitySubsystems
[Subsystems] Discovering subsystems at path F:/Unity_Demo/Little Snail's Starry Sky Journey/Assets
GfxDevice: creating device client; threaded=0; jobified=0
Direct3D:
    Version:  Direct3D 11.0 [level 11.1]
    Renderer: NVIDIA GeForce RTX 5060 (ID=0x2d05)
    Vendor:   NVIDIA
    VRAM:     7807 MB
    Driver:   32.0.15.7652
Initialize mono
Mono path[0] = 'E:/Unity/2021.3.26f1c1/Editor/Data/Managed'
Mono path[1] = 'E:/Unity/2021.3.26f1c1/Editor/Data/MonoBleedingEdge/lib/mono/unityjit-win32'
Mono config path = 'E:/Unity/2021.3.26f1c1/Editor/Data/MonoBleedingEdge/etc'
Using monoOptions --debugger-agent=transport=dt_socket,embedding=1,server=y,suspend=n,address=127.0.0.1:56708
Begin MonoManager ReloadAssembly
Registering precompiled unity dll's ...
Register platform support module: E:/Unity/2021.3.26f1c1/Editor/Data/PlaybackEngines/AndroidPlayer/UnityEditor.Android.Extensions.dll
Register platform support module: E:/Unity/2021.3.26f1c1/Editor/Data/PlaybackEngines/WindowsStandaloneSupport/UnityEditor.WindowsStandalone.Extensions.dll
Registered in 0.003017 seconds.
Native extension for WindowsStandalone target not found
Native extension for Android target not found
Android Extension - Scanning For ADB Devices 235 ms
Refreshing native plugins compatible for Editor in 56.66 ms, found 4 plugins.
Preloading 0 native plugins for Editor in 0.00 ms.
Mono: successfully reloaded assembly
- Completed reload, in  0.749 seconds
Domain Reload Profiling:
	ReloadAssembly (750ms)
		BeginReloadAssembly (75ms)
			ExecutionOrderSort (0ms)
			DisableScriptedObjects (0ms)
			BackupInstance (0ms)
			ReleaseScriptingObjects (0ms)
			CreateAndSetChildDomain (1ms)
		EndReloadAssembly (596ms)
			LoadAssemblies (72ms)
			RebuildTransferFunctionScriptingTraits (0ms)
			SetupTypeCache (79ms)
			ReleaseScriptCaches (0ms)
			RebuildScriptCaches (20ms)
			SetupLoadedEditorAssemblies (455ms)
				LogAssemblyErrors (0ms)
				InitializePlatformSupportModulesInManaged (303ms)
				SetLoadedEditorAssemblies (0ms)
				RefreshPlugins (57ms)
				BeforeProcessingInitializeOnLoad (1ms)
				ProcessInitializeOnLoadAttributes (62ms)
				ProcessInitializeOnLoadMethodAttributes (33ms)
				AfterProcessingInitializeOnLoad (0ms)
				EditorAssembliesLoaded (0ms)
			ExecutionOrderSort2 (0ms)
			AwakeInstancesAfterBackupRestoration (0ms)
Platform modules already initialized, skipping
Registering precompiled user dll's ...
Registered in 0.013314 seconds.
Begin MonoManager ReloadAssembly
Symbol file LoadedFromMemory doesn't match image F:\Unity_Demo\Little Snail's Starry Sky Journey\Library\PackageCache\com.unity.visualscripting@1.8.0\Editor\VisualScripting.Core\Dependencies\YamlDotNet\Unity.VisualScripting.YamlDotNet.dll
Symbol file LoadedFromMemory doesn't match image F:\Unity_Demo\Little Snail's Starry Sky Journey\Library\PackageCache\com.unity.visualscripting@1.8.0\Editor\VisualScripting.Core\Dependencies\DotNetZip\Unity.VisualScripting.IonicZip.dll
Native extension for WindowsStandalone target not found
Native extension for Android target not found
Refreshing native plugins compatible for Editor in 59.75 ms, found 4 plugins.
Preloading 0 native plugins for Editor in 0.00 ms.
Mono: successfully reloaded assembly
- Completed reload, in  0.855 seconds
Domain Reload Profiling:
	ReloadAssembly (855ms)
		BeginReloadAssembly (96ms)
			ExecutionOrderSort (0ms)
			DisableScriptedObjects (5ms)
			BackupInstance (0ms)
			ReleaseScriptingObjects (0ms)
			CreateAndSetChildDomain (13ms)
		EndReloadAssembly (665ms)
			LoadAssemblies (87ms)
			RebuildTransferFunctionScriptingTraits (0ms)
			SetupTypeCache (171ms)
			ReleaseScriptCaches (0ms)
			RebuildScriptCaches (40ms)
			SetupLoadedEditorAssemblies (334ms)
				LogAssemblyErrors (0ms)
				InitializePlatformSupportModulesInManaged (16ms)
				SetLoadedEditorAssemblies (0ms)
				RefreshPlugins (60ms)
				BeforeProcessingInitializeOnLoad (66ms)
				ProcessInitializeOnLoadAttributes (154ms)
				ProcessInitializeOnLoadMethodAttributes (29ms)
				AfterProcessingInitializeOnLoad (9ms)
				EditorAssembliesLoaded (0ms)
			ExecutionOrderSort2 (0ms)
			AwakeInstancesAfterBackupRestoration (7ms)
Platform modules already initialized, skipping
========================================================================
Worker process is ready to serve import requests
Launched and connected shader compiler UnityShaderCompiler.exe after 0.04 seconds
Refreshing native plugins compatible for Editor in 0.69 ms, found 4 plugins.
Preloading 0 native plugins for Editor in 0.00 ms.
Unloading 3735 Unused Serialized files (Serialized files now loaded: 0)
Unloading 35 unused Assets / (284.1 KB). Loaded Objects now: 4198.
Memory consumption went from 147.5 MB to 147.2 MB.
Total: 2.504300 ms (FindLiveObjects: 0.174300 ms CreateObjectMapping: 0.067700 ms MarkObjects: 2.197600 ms  DeleteObjects: 0.063700 ms)

AssetImportParameters requested are different than current active one (requested -> active):
  custom:video-decoder-ogg-theora: a1e56fd34408186e4bbccfd4996cb3dc -> 
  custom:container-muxer-webm: aa71ff27fc2769a1b78a27578f13a17b -> 
  custom:container-demuxer-webm: 4f35f7cbe854078d1ac9338744f61a02 -> 
  custom:video-encoder-webm-vp8: eb34c28f22e8b96e1ab97ce403110664 -> 
  custom:video-codec-MediaFoundation-h265: 746d11721c4dcdbdad8f713fa42b33f4 -> 
  custom:audio-encoder-webm-vorbis: bf7c407c2cedff20999df2af8eb42d56 -> 
  custom:framework-win-MediaFoundation: 216162199b28c13a410421893ffa2e32 -> 
  custom:container-demuxer-ogg: 62fdf1f143b41e24485cea50d1cbac27 -> 
  custom:video-decoder-webm-vp8: 9c59270c3fd7afecdb556c50c9e8de78 -> 
  custom:audio-decoder-ogg-vorbis: bf7c407c2cedff20999df2af8eb42d56 -> 
========================================================================
Received Import Request.
  Time since last request: 18198.286124 seconds.
  path: Assets/故事书题材/下一页.jpg
  artifactKey: Guid(86ccdad0010b92245a7ebb0175ff9c40) Importer(815301076,1909f56bfc062723c751e8b465ee728b)
Start importing Assets/故事书题材/下一页.jpg using Guid(86ccdad0010b92245a7ebb0175ff9c40) Importer(815301076,1909f56bfc062723c751e8b465ee728b)  -> (artifact id: '06b801cb7c2469d3d8bc12cd1ea5e4b2') in 0.175112 seconds 
========================================================================
Received Import Request.
  Time since last request: 0.000028 seconds.
  path: Assets/故事书题材/河流.jpg
  artifactKey: Guid(65a6e42428dd51e48897929efda82ca1) Importer(815301076,1909f56bfc062723c751e8b465ee728b)
Start importing Assets/故事书题材/河流.jpg using Guid(65a6e42428dd51e48897929efda82ca1) Importer(815301076,1909f56bfc062723c751e8b465ee728b)  -> (artifact id: '27088ced4293bb34fb3bfd46b8d93e7c') in 0.131016 seconds 
========================================================================
Received Import Request.
  Time since last request: 0.000030 seconds.
  path: Assets/故事书题材/星星2.jpg
  artifactKey: Guid(84938f57d4ea50f439ebf9da6091b1b0) Importer(815301076,1909f56bfc062723c751e8b465ee728b)
Start importing Assets/故事书题材/星星2.jpg using Guid(84938f57d4ea50f439ebf9da6091b1b0) Importer(815301076,1909f56bfc062723c751e8b465ee728b)  -> (artifact id: 'ccaec02be386e837470f1b6373f7bca8') in 0.026568 seconds 
========================================================================
Received Import Request.
  Time since last request: 0.000027 seconds.
  path: Assets/故事书题材/荷叶.jpg
  artifactKey: Guid(6713ae83bd43de74a88711506ae65182) Importer(815301076,1909f56bfc062723c751e8b465ee728b)
Start importing Assets/故事书题材/荷叶.jpg using Guid(6713ae83bd43de74a88711506ae65182) Importer(815301076,1909f56bfc062723c751e8b465ee728b)  -> (artifact id: 'ec41a0ec1ef1bd4fad0b1b8459e105b1') in 0.107454 seconds 
========================================================================
Received Import Request.
  Time since last request: 0.000019 seconds.
  path: Assets/故事书题材/鸟.jpg
  artifactKey: Guid(ac1d99980e7ec54419479aad4bb1bfe2) Importer(815301076,1909f56bfc062723c751e8b465ee728b)
Start importing Assets/故事书题材/鸟.jpg using Guid(ac1d99980e7ec54419479aad4bb1bfe2) Importer(815301076,1909f56bfc062723c751e8b465ee728b)  -> (artifact id: '257e2592399fba2757482a1bb9e91814') in 0.054405 seconds 
========================================================================
Received Import Request.
  Time since last request: 0.000024 seconds.
  path: Assets/故事书题材/山顶.png
  artifactKey: Guid(a486ca5859a6b72408922654324fb511) Importer(815301076,1909f56bfc062723c751e8b465ee728b)
Start importing Assets/故事书题材/山顶.png using Guid(a486ca5859a6b72408922654324fb511) Importer(815301076,1909f56bfc062723c751e8b465ee728b)  -> (artifact id: '10b9045f3b2a988784b6e6b87d4529df') in 0.138009 seconds 
========================================================================
Received Import Request.
  Time since last request: 0.000021 seconds.
  path: Assets/故事书题材/蜗牛2.jpg
  artifactKey: Guid(58cd8fd45ae56be4baffe3894fc5651e) Importer(815301076,1909f56bfc062723c751e8b465ee728b)
Start importing Assets/故事书题材/蜗牛2.jpg using Guid(58cd8fd45ae56be4baffe3894fc5651e) Importer(815301076,1909f56bfc062723c751e8b465ee728b)  -> (artifact id: 'd4377f47dfb7cad36ef2a055cc88fbec') in 0.040372 seconds 
========================================================================
Received Import Request.
  Time since last request: 0.000028 seconds.
  path: Assets/故事书题材/望远镜.jpg
  artifactKey: Guid(acc5161441c142243973d6b146789a2d) Importer(815301076,1909f56bfc062723c751e8b465ee728b)
Start importing Assets/故事书题材/望远镜.jpg using Guid(acc5161441c142243973d6b146789a2d) Importer(815301076,1909f56bfc062723c751e8b465ee728b)  -> (artifact id: 'e18c387276b37a84e406b771b5542c1a') in 0.049011 seconds 
========================================================================
Received Import Request.
  Time since last request: 0.000017 seconds.
  path: Assets/故事书题材/星星1.jpg
  artifactKey: Guid(8f10833abd75e814f90b42bacc5856ff) Importer(815301076,1909f56bfc062723c751e8b465ee728b)
Start importing Assets/故事书题材/星星1.jpg using Guid(8f10833abd75e814f90b42bacc5856ff) Importer(815301076,1909f56bfc062723c751e8b465ee728b)  -> (artifact id: '4ce1c6078a7b08587b0c558f0465f6d0') in 0.023528 seconds 
Editor requested this worker to shutdown with reason: Scaling down because of idle timeout
AssetImportWorker is now disconnected from the server
Process exiting
Exiting without the bug reporter. Application will terminate with return code 0